<?xml version="1.0" encoding="UTF-8"?>
<coverage generated="1701994447663" clover="3.2.0">
  <project timestamp="1701994447664" name="All files">
    <metrics statements="29" coveredstatements="7" conditionals="8" coveredconditionals="0" methods="13" coveredmethods="2" elements="50" coveredelements="9" complexity="0" loc="29" ncloc="29" packages="1" files="3" classes="3"/>
    <file name="espacoSereno.js" path="C:\Users\sabri\Desktop\Minhascoisas\REPROGRAMA\EspacoSereno\espaco-sereno\espacoSereno.js">
      <metrics statements="17" coveredstatements="5" conditionals="4" coveredconditionals="0" methods="7" coveredmethods="2"/>
      <line num="4" count="1" type="stmt"/>
      <line num="5" count="1" type="stmt"/>
      <line num="6" count="1" type="stmt"/>
      <line num="11" count="0" type="stmt"/>
      <line num="12" count="0" type="stmt"/>
      <line num="13" count="0" type="stmt"/>
      <line num="18" count="1" type="stmt"/>
      <line num="19" count="0" type="stmt"/>
      <line num="20" count="0" type="stmt"/>
      <line num="25" count="0" type="stmt"/>
      <line num="26" count="0" type="stmt"/>
      <line num="31" count="0" type="stmt"/>
      <line num="36" count="0" type="cond" truecount="0" falsecount="2"/>
      <line num="37" count="0" type="stmt"/>
      <line num="39" count="0" type="stmt"/>
      <line num="43" count="1" type="stmt"/>
      <line num="50" count="0" type="cond" truecount="0" falsecount="2"/>
    </file>
    <file name="paciente.js" path="C:\Users\sabri\Desktop\Minhascoisas\REPROGRAMA\EspacoSereno\espaco-sereno\paciente.js">
      <metrics statements="8" coveredstatements="1" conditionals="4" coveredconditionals="0" methods="4" coveredmethods="0"/>
      <line num="4" count="0" type="stmt"/>
      <line num="5" count="0" type="stmt"/>
      <line num="9" count="0" type="stmt"/>
      <line num="15" count="0" type="cond" truecount="0" falsecount="2"/>
      <line num="17" count="0" type="stmt"/>
      <line num="19" count="0" type="stmt"/>
      <line num="24" count="1" type="stmt"/>
      <line num="31" count="0" type="cond" truecount="0" falsecount="2"/>
    </file>
    <file name="psicologo.js" path="C:\Users\sabri\Desktop\Minhascoisas\REPROGRAMA\EspacoSereno\espaco-sereno\psicologo.js">
      <metrics statements="4" coveredstatements="1" conditionals="0" coveredconditionals="0" methods="2" coveredmethods="0"/>
      <line num="3" count="0" type="stmt"/>
      <line num="4" count="0" type="stmt"/>
      <line num="8" count="0" type="stmt"/>
      <line num="12" count="1" type="stmt"/>
    </file>
  </project>
</coverage>
