<?xml version="1.0" encoding="UTF-8"?>
<coverage generated="1702004430784" clover="3.2.0">
  <project timestamp="1702004430784" name="All files">
    <metrics statements="63" coveredstatements="49" conditionals="23" coveredconditionals="13" methods="21" coveredmethods="16" elements="107" coveredelements="78" complexity="0" loc="63" ncloc="63" packages="5" files="5" classes="5"/>
    <package name="AvaliacaoRiscos">
      <metrics statements="11" coveredstatements="8" conditionals="9" coveredconditionals="6" methods="1" coveredmethods="1"/>
      <file name="AvaliacaoRiscos.js" path="C:\Users\sabri\Desktop\Minhascoisas\REPROGRAMA\EspacoSereno\espaco-sereno\AvaliacaoRiscos\AvaliacaoRiscos.js">
        <metrics statements="11" coveredstatements="8" conditionals="9" coveredconditionals="6" methods="1" coveredmethods="1"/>
        <line num="3" count="2" type="stmt"/>
        <line num="6" count="2" type="stmt"/>
        <line num="9" count="2" type="cond" truecount="4" falsecount="0"/>
        <line num="10" count="1" type="stmt"/>
        <line num="13" count="2" type="cond" truecount="2" falsecount="3"/>
        <line num="15" count="1" type="stmt"/>
        <line num="17" count="0" type="stmt"/>
        <line num="19" count="1" type="stmt"/>
        <line num="21" count="0" type="stmt"/>
        <line num="23" count="0" type="stmt"/>
        <line num="28" count="2" type="stmt"/>
      </file>
    </package>
    <package name="Paciente">
      <metrics statements="7" coveredstatements="6" conditionals="2" coveredconditionals="1" methods="3" coveredmethods="3"/>
      <file name="paciente.js" path="C:\Users\sabri\Desktop\Minhascoisas\REPROGRAMA\EspacoSereno\espaco-sereno\Paciente\paciente.js">
        <metrics statements="7" coveredstatements="6" conditionals="2" coveredconditionals="1" methods="3" coveredmethods="3"/>
        <line num="4" count="5" type="stmt"/>
        <line num="5" count="5" type="stmt"/>
        <line num="9" count="5" type="stmt"/>
        <line num="15" count="2" type="cond" truecount="1" falsecount="1"/>
        <line num="17" count="2" type="stmt"/>
        <line num="19" count="0" type="stmt"/>
        <line num="24" count="2" type="stmt"/>
      </file>
    </package>
    <package name="Progresso">
      <metrics statements="12" coveredstatements="11" conditionals="4" coveredconditionals="3" methods="5" coveredmethods="5"/>
      <file name="acompanharProgresso.js" path="C:\Users\sabri\Desktop\Minhascoisas\REPROGRAMA\EspacoSereno\espaco-sereno\Progresso\acompanharProgresso.js">
        <metrics statements="12" coveredstatements="11" conditionals="4" coveredconditionals="3" methods="5" coveredmethods="5"/>
        <line num="3" count="3" type="stmt"/>
        <line num="7" count="2" type="stmt"/>
        <line num="8" count="2" type="stmt"/>
        <line num="12" count="1" type="stmt"/>
        <line num="13" count="1" type="cond" truecount="1" falsecount="1"/>
        <line num="14" count="1" type="stmt"/>
        <line num="15" count="1" type="stmt"/>
        <line num="17" count="0" type="stmt"/>
        <line num="22" count="1" type="stmt"/>
        <line num="23" count="1" type="stmt"/>
        <line num="27" count="2" type="stmt"/>
        <line num="34" count="4" type="cond" truecount="2" falsecount="0"/>
      </file>
    </package>
    <package name="Psicologo">
      <metrics statements="4" coveredstatements="4" conditionals="0" coveredconditionals="0" methods="2" coveredmethods="2"/>
      <file name="psicologo.js" path="C:\Users\sabri\Desktop\Minhascoisas\REPROGRAMA\EspacoSereno\espaco-sereno\Psicologo\psicologo.js">
        <metrics statements="4" coveredstatements="4" conditionals="0" coveredconditionals="0" methods="2" coveredmethods="2"/>
        <line num="3" count="2" type="stmt"/>
        <line num="4" count="2" type="stmt"/>
        <line num="8" count="3" type="stmt"/>
        <line num="12" count="2" type="stmt"/>
      </file>
    </package>
    <package name="clinica">
      <metrics statements="29" coveredstatements="20" conditionals="8" coveredconditionals="3" methods="10" coveredmethods="5"/>
      <file name="espacoSereno.js" path="C:\Users\sabri\Desktop\Minhascoisas\REPROGRAMA\EspacoSereno\espaco-sereno\clinica\espacoSereno.js">
        <metrics statements="29" coveredstatements="20" conditionals="8" coveredconditionals="3" methods="10" coveredmethods="5"/>
        <line num="1" count="1" type="stmt"/>
        <line num="2" count="1" type="stmt"/>
        <line num="3" count="1" type="stmt"/>
        <line num="4" count="1" type="stmt"/>
        <line num="8" count="1" type="stmt"/>
        <line num="9" count="1" type="stmt"/>
        <line num="10" count="1" type="stmt"/>
        <line num="11" count="1" type="stmt"/>
        <line num="15" count="1" type="stmt"/>
        <line num="16" count="1" type="stmt"/>
        <line num="17" count="1" type="stmt"/>
        <line num="21" count="2" type="stmt"/>
        <line num="22" count="2" type="stmt"/>
        <line num="23" count="2" type="stmt"/>
        <line num="27" count="2" type="cond" truecount="1" falsecount="1"/>
        <line num="28" count="2" type="stmt"/>
        <line num="29" count="2" type="stmt"/>
        <line num="31" count="0" type="stmt"/>
        <line num="36" count="1" type="stmt"/>
        <line num="40" count="0" type="cond" truecount="0" falsecount="2"/>
        <line num="41" count="0" type="stmt"/>
        <line num="43" count="0" type="stmt"/>
        <line num="48" count="2" type="cond" truecount="2" falsecount="0"/>
        <line num="52" count="0" type="stmt"/>
        <line num="53" count="0" type="stmt"/>
        <line num="57" count="0" type="stmt"/>
        <line num="61" count="0" type="stmt"/>
        <line num="69" count="1" type="stmt"/>
        <line num="76" count="0" type="cond" truecount="0" falsecount="2"/>
      </file>
    </package>
  </project>
</coverage>
