{"C:\\Users\\sabri\\Desktop\\Minhascoisas\\REPROGRAMA\\EspacoSereno\\espaco-sereno\\espacoSereno.js": {"path":"C:\\Users\\sabri\\Desktop\\Minhascoisas\\REPROGRAMA\\EspacoSereno\\espaco-sereno\\espacoSereno.js","statementMap":{"0":{"start":{"line":4,"column":4},"end":{"line":4,"column":25}},"1":{"start":{"line":5,"column":4},"end":{"line":5,"column":24}},"2":{"start":{"line":6,"column":4},"end":{"line":6,"column":24}},"3":{"start":{"line":11,"column":22},"end":{"line":11,"column":41}},"4":{"start":{"line":12,"column":4},"end":{"line":12,"column":36}},"5":{"start":{"line":13,"column":4},"end":{"line":13,"column":21}},"6":{"start":{"line":18,"column":21},"end":{"line":18,"column":39}},"7":{"start":{"line":19,"column":4},"end":{"line":19,"column":34}},"8":{"start":{"line":20,"column":4},"end":{"line":20,"column":20}},"9":{"start":{"line":25,"column":4},"end":{"line":25,"column":42}},"10":{"start":{"line":26,"column":4},"end":{"line":26,"column":41}},"11":{"start":{"line":31,"column":4},"end":{"line":31,"column":55}},"12":{"start":{"line":36,"column":4},"end":{"line":40,"column":5}},"13":{"start":{"line":37,"column":6},"end":{"line":37,"column":80}},"14":{"start":{"line":39,"column":26},"end":{"line":39,"column":122}},"15":{"start":{"line":43,"column":0},"end":{"line":43,"column":32}},"16":{"start":{"line":50,"column":85},"end":{"line":50,"column":37847}},"17":{"start":{"line":50,"column":89},"end":{"line":50,"column":37836}}},"fnMap":{"0":{"name":"(anonymous_0)","decl":{"start":{"line":2,"column":2},"end":{"line":2,"column":3}},"loc":{"start":{"line":2,"column":16},"end":{"line":7,"column":3}},"line":2},"1":{"name":"(anonymous_1)","decl":{"start":{"line":10,"column":2},"end":{"line":10,"column":3}},"loc":{"start":{"line":10,"column":27},"end":{"line":14,"column":3}},"line":10},"2":{"name":"(anonymous_2)","decl":{"start":{"line":17,"column":2},"end":{"line":17,"column":3}},"loc":{"start":{"line":17,"column":26},"end":{"line":21,"column":3}},"line":17},"3":{"name":"(anonymous_3)","decl":{"start":{"line":24,"column":2},"end":{"line":24,"column":3}},"loc":{"start":{"line":24,"column":52},"end":{"line":27,"column":3}},"line":24},"4":{"name":"(anonymous_4)","decl":{"start":{"line":30,"column":2},"end":{"line":30,"column":3}},"loc":{"start":{"line":30,"column":66},"end":{"line":32,"column":3}},"line":30},"5":{"name":"(anonymous_5)","decl":{"start":{"line":35,"column":2},"end":{"line":35,"column":3}},"loc":{"start":{"line":35,"column":49},"end":{"line":41,"column":3}},"line":35},"6":{"name":"oo_cm","decl":{"start":{"line":50,"column":77},"end":{"line":50,"column":82}},"loc":{"start":{"line":50,"column":84},"end":{"line":50,"column":37848}},"line":50}},"branchMap":{"0":{"loc":{"start":{"line":36,"column":4},"end":{"line":40,"column":5}},"type":"if","locations":[{"start":{"line":36,"column":4},"end":{"line":40,"column":5}},{"start":{"line":38,"column":11},"end":{"line":40,"column":5}}],"line":36},"1":{"loc":{"start":{"line":50,"column":96},"end":{"line":50,"column":37835}},"type":"binary-expr","locations":[{"start":{"line":50,"column":96},"end":{"line":50,"column":133}},{"start":{"line":50,"column":137},"end":{"line":50,"column":37835}}],"line":50}},"s":{"0":1,"1":1,"2":1,"3":0,"4":0,"5":0,"6":1,"7":0,"8":0,"9":0,"10":0,"11":0,"12":0,"13":0,"14":0,"15":1,"16":0,"17":0},"f":{"0":1,"1":0,"2":1,"3":0,"4":0,"5":0,"6":0},"b":{"0":[0,0],"1":[0,0]},"_coverageSchema":"1a1c01bbd47fc00a2c39e90264f33305004495a9","hash":"96427062aef80b033ce3a728b4b6246405a71b07"}
,"C:\\Users\\sabri\\Desktop\\Minhascoisas\\REPROGRAMA\\EspacoSereno\\espaco-sereno\\paciente.js": {"path":"C:\\Users\\sabri\\Desktop\\Minhascoisas\\REPROGRAMA\\EspacoSereno\\espaco-sereno\\paciente.js","statementMap":{"0":{"start":{"line":4,"column":4},"end":{"line":4,"column":21}},"1":{"start":{"line":5,"column":4},"end":{"line":5,"column":26}},"2":{"start":{"line":9,"column":4},"end":{"line":9,"column":31}},"3":{"start":{"line":15,"column":4},"end":{"line":20,"column":5}},"4":{"start":{"line":17,"column":6},"end":{"line":17,"column":80}},"5":{"start":{"line":19,"column":26},"end":{"line":19,"column":122}},"6":{"start":{"line":24,"column":0},"end":{"line":24,"column":26}},"7":{"start":{"line":31,"column":85},"end":{"line":31,"column":37847}},"8":{"start":{"line":31,"column":89},"end":{"line":31,"column":37836}}},"fnMap":{"0":{"name":"(anonymous_0)","decl":{"start":{"line":3,"column":2},"end":{"line":3,"column":3}},"loc":{"start":{"line":3,"column":20},"end":{"line":6,"column":3}},"line":3},"1":{"name":"(anonymous_1)","decl":{"start":{"line":8,"column":2},"end":{"line":8,"column":3}},"loc":{"start":{"line":8,"column":31},"end":{"line":10,"column":3}},"line":8},"2":{"name":"(anonymous_2)","decl":{"start":{"line":13,"column":2},"end":{"line":13,"column":3}},"loc":{"start":{"line":13,"column":49},"end":{"line":21,"column":3}},"line":13},"3":{"name":"oo_cm","decl":{"start":{"line":31,"column":77},"end":{"line":31,"column":82}},"loc":{"start":{"line":31,"column":84},"end":{"line":31,"column":37848}},"line":31}},"branchMap":{"0":{"loc":{"start":{"line":15,"column":4},"end":{"line":20,"column":5}},"type":"if","locations":[{"start":{"line":15,"column":4},"end":{"line":20,"column":5}},{"start":{"line":18,"column":11},"end":{"line":20,"column":5}}],"line":15},"1":{"loc":{"start":{"line":31,"column":96},"end":{"line":31,"column":37835}},"type":"binary-expr","locations":[{"start":{"line":31,"column":96},"end":{"line":31,"column":133}},{"start":{"line":31,"column":137},"end":{"line":31,"column":37835}}],"line":31}},"s":{"0":0,"1":0,"2":0,"3":0,"4":0,"5":0,"6":1,"7":0,"8":0},"f":{"0":0,"1":0,"2":0,"3":0},"b":{"0":[0,0],"1":[0,0]},"_coverageSchema":"1a1c01bbd47fc00a2c39e90264f33305004495a9","hash":"c79662465c9695d09c7657d9b8c8e081bbc0e8e2"}
,"C:\\Users\\sabri\\Desktop\\Minhascoisas\\REPROGRAMA\\EspacoSereno\\espaco-sereno\\psicologo.js": {"path":"C:\\Users\\sabri\\Desktop\\Minhascoisas\\REPROGRAMA\\EspacoSereno\\espaco-sereno\\psicologo.js","statementMap":{"0":{"start":{"line":3,"column":4},"end":{"line":3,"column":21}},"1":{"start":{"line":4,"column":4},"end":{"line":4,"column":24}},"2":{"start":{"line":8,"column":4},"end":{"line":8,"column":34}},"3":{"start":{"line":12,"column":0},"end":{"line":12,"column":27}}},"fnMap":{"0":{"name":"(anonymous_0)","decl":{"start":{"line":2,"column":2},"end":{"line":2,"column":3}},"loc":{"start":{"line":2,"column":20},"end":{"line":5,"column":3}},"line":2},"1":{"name":"(anonymous_1)","decl":{"start":{"line":7,"column":2},"end":{"line":7,"column":3}},"loc":{"start":{"line":7,"column":29},"end":{"line":9,"column":3}},"line":7}},"branchMap":{},"s":{"0":0,"1":0,"2":0,"3":1},"f":{"0":0,"1":0},"b":{},"_coverageSchema":"1a1c01bbd47fc00a2c39e90264f33305004495a9","hash":"e12394f7a43e48958a4b74fd62decfdb5e180251"}
}
