{"C:\\Users\\sabri\\Desktop\\Minhascoisas\\REPROGRAMA\\EspacoSereno\\espaco-sereno\\AvaliacaoRiscos\\AvaliacaoRiscos.js": {"path":"C:\\Users\\sabri\\Desktop\\Minhascoisas\\REPROGRAMA\\EspacoSereno\\espaco-sereno\\AvaliacaoRiscos\\AvaliacaoRiscos.js","statementMap":{"0":{"start":{"line":3,"column":54},"end":{"line":3,"column":62}},"1":{"start":{"line":6,"column":21},"end":{"line":6,"column":28}},"2":{"start":{"line":9,"column":4},"end":{"line":11,"column":5}},"3":{"start":{"line":10,"column":6},"end":{"line":10,"column":26}},"4":{"start":{"line":13,"column":5},"end":{"line":24,"column":5}},"5":{"start":{"line":15,"column":8},"end":{"line":15,"column":29}},"6":{"start":{"line":17,"column":8},"end":{"line":17,"column":29}},"7":{"start":{"line":19,"column":8},"end":{"line":19,"column":28}},"8":{"start":{"line":21,"column":8},"end":{"line":21,"column":31}},"9":{"start":{"line":23,"column":8},"end":{"line":23,"column":34}},"10":{"start":{"line":28,"column":0},"end":{"line":28,"column":33}}},"fnMap":{"0":{"name":"(anonymous_0)","decl":{"start":{"line":2,"column":2},"end":{"line":2,"column":3}},"loc":{"start":{"line":2,"column":32},"end":{"line":25,"column":3}},"line":2}},"branchMap":{"0":{"loc":{"start":{"line":9,"column":4},"end":{"line":11,"column":5}},"type":"if","locations":[{"start":{"line":9,"column":4},"end":{"line":11,"column":5}},{"start":{},"end":{}}],"line":9},"1":{"loc":{"start":{"line":9,"column":8},"end":{"line":9,"column":80}},"type":"binary-expr","locations":[{"start":{"line":9,"column":8},"end":{"line":9,"column":38}},{"start":{"line":9,"column":42},"end":{"line":9,"column":80}}],"line":9},"2":{"loc":{"start":{"line":13,"column":5},"end":{"line":24,"column":5}},"type":"switch","locations":[{"start":{"line":14,"column":6},"end":{"line":15,"column":29}},{"start":{"line":16,"column":6},"end":{"line":17,"column":29}},{"start":{"line":18,"column":6},"end":{"line":19,"column":28}},{"start":{"line":20,"column":6},"end":{"line":21,"column":31}},{"start":{"line":22,"column":6},"end":{"line":23,"column":34}}],"line":13}},"s":{"0":2,"1":2,"2":2,"3":1,"4":2,"5":1,"6":0,"7":1,"8":0,"9":0,"10":2},"f":{"0":2},"b":{"0":[1,1],"1":[2,1],"2":[1,0,1,0,0]},"_coverageSchema":"1a1c01bbd47fc00a2c39e90264f33305004495a9","hash":"996ed74ae33bd194aed6cbab8ef600056ea24e2d"}
,"C:\\Users\\sabri\\Desktop\\Minhascoisas\\REPROGRAMA\\EspacoSereno\\espaco-sereno\\Paciente\\paciente.js": {"path":"C:\\Users\\sabri\\Desktop\\Minhascoisas\\REPROGRAMA\\EspacoSereno\\espaco-sereno\\Paciente\\paciente.js","statementMap":{"0":{"start":{"line":4,"column":4},"end":{"line":4,"column":21}},"1":{"start":{"line":5,"column":4},"end":{"line":5,"column":26}},"2":{"start":{"line":9,"column":4},"end":{"line":9,"column":31}},"3":{"start":{"line":15,"column":4},"end":{"line":20,"column":5}},"4":{"start":{"line":17,"column":6},"end":{"line":17,"column":80}},"5":{"start":{"line":19,"column":6},"end":{"line":19,"column":66}},"6":{"start":{"line":24,"column":0},"end":{"line":24,"column":26}}},"fnMap":{"0":{"name":"(anonymous_0)","decl":{"start":{"line":3,"column":2},"end":{"line":3,"column":3}},"loc":{"start":{"line":3,"column":20},"end":{"line":6,"column":3}},"line":3},"1":{"name":"(anonymous_1)","decl":{"start":{"line":8,"column":2},"end":{"line":8,"column":3}},"loc":{"start":{"line":8,"column":31},"end":{"line":10,"column":3}},"line":8},"2":{"name":"(anonymous_2)","decl":{"start":{"line":13,"column":2},"end":{"line":13,"column":3}},"loc":{"start":{"line":13,"column":49},"end":{"line":21,"column":3}},"line":13}},"branchMap":{"0":{"loc":{"start":{"line":15,"column":4},"end":{"line":20,"column":5}},"type":"if","locations":[{"start":{"line":15,"column":4},"end":{"line":20,"column":5}},{"start":{"line":18,"column":11},"end":{"line":20,"column":5}}],"line":15}},"s":{"0":5,"1":5,"2":5,"3":2,"4":2,"5":0,"6":2},"f":{"0":5,"1":5,"2":2},"b":{"0":[2,0]},"_coverageSchema":"1a1c01bbd47fc00a2c39e90264f33305004495a9","hash":"8104637551898cdb1e6971d550649ed5456d333b"}
,"C:\\Users\\sabri\\Desktop\\Minhascoisas\\REPROGRAMA\\EspacoSereno\\espaco-sereno\\Progresso\\acompanharProgresso.js": {"path":"C:\\Users\\sabri\\Desktop\\Minhascoisas\\REPROGRAMA\\EspacoSereno\\espaco-sereno\\Progresso\\acompanharProgresso.js","statementMap":{"0":{"start":{"line":3,"column":4},"end":{"line":3,"column":27}},"1":{"start":{"line":7,"column":4},"end":{"line":7,"column":35}},"2":{"start":{"line":8,"column":24},"end":{"line":8,"column":118}},"3":{"start":{"line":12,"column":17},"end":{"line":12,"column":41}},"4":{"start":{"line":13,"column":4},"end":{"line":18,"column":5}},"5":{"start":{"line":14,"column":26},"end":{"line":14,"column":126}},"6":{"start":{"line":15,"column":6},"end":{"line":15,"column":51}},"7":{"start":{"line":17,"column":6},"end":{"line":17,"column":64}},"8":{"start":{"line":22,"column":22},"end":{"line":22,"column":42}},"9":{"start":{"line":23,"column":24},"end":{"line":23,"column":133}},"10":{"start":{"line":27,"column":0},"end":{"line":27,"column":37}},"11":{"start":{"line":34,"column":85},"end":{"line":34,"column":37847}},"12":{"start":{"line":34,"column":89},"end":{"line":34,"column":37836}}},"fnMap":{"0":{"name":"(anonymous_0)","decl":{"start":{"line":2,"column":2},"end":{"line":2,"column":3}},"loc":{"start":{"line":2,"column":16},"end":{"line":4,"column":3}},"line":2},"1":{"name":"(anonymous_1)","decl":{"start":{"line":6,"column":2},"end":{"line":6,"column":3}},"loc":{"start":{"line":6,"column":30},"end":{"line":9,"column":3}},"line":6},"2":{"name":"(anonymous_2)","decl":{"start":{"line":11,"column":2},"end":{"line":11,"column":3}},"loc":{"start":{"line":11,"column":34},"end":{"line":19,"column":3}},"line":11},"3":{"name":"(anonymous_3)","decl":{"start":{"line":21,"column":2},"end":{"line":21,"column":3}},"loc":{"start":{"line":21,"column":42},"end":{"line":24,"column":3}},"line":21},"4":{"name":"oo_cm","decl":{"start":{"line":34,"column":77},"end":{"line":34,"column":82}},"loc":{"start":{"line":34,"column":84},"end":{"line":34,"column":37848}},"line":34}},"branchMap":{"0":{"loc":{"start":{"line":13,"column":4},"end":{"line":18,"column":5}},"type":"if","locations":[{"start":{"line":13,"column":4},"end":{"line":18,"column":5}},{"start":{"line":16,"column":11},"end":{"line":18,"column":5}}],"line":13},"1":{"loc":{"start":{"line":34,"column":96},"end":{"line":34,"column":37835}},"type":"binary-expr","locations":[{"start":{"line":34,"column":96},"end":{"line":34,"column":133}},{"start":{"line":34,"column":137},"end":{"line":34,"column":37835}}],"line":34}},"s":{"0":3,"1":2,"2":2,"3":1,"4":1,"5":1,"6":1,"7":0,"8":1,"9":1,"10":2,"11":4,"12":4},"f":{"0":3,"1":2,"2":1,"3":1,"4":4},"b":{"0":[1,0],"1":[4,1]},"_coverageSchema":"1a1c01bbd47fc00a2c39e90264f33305004495a9","hash":"11d2ae0aad1043731969efdb3114fd05ccd48969"}
,"C:\\Users\\sabri\\Desktop\\Minhascoisas\\REPROGRAMA\\EspacoSereno\\espaco-sereno\\Psicologo\\psicologo.js": {"path":"C:\\Users\\sabri\\Desktop\\Minhascoisas\\REPROGRAMA\\EspacoSereno\\espaco-sereno\\Psicologo\\psicologo.js","statementMap":{"0":{"start":{"line":3,"column":4},"end":{"line":3,"column":21}},"1":{"start":{"line":4,"column":4},"end":{"line":4,"column":24}},"2":{"start":{"line":8,"column":4},"end":{"line":8,"column":34}},"3":{"start":{"line":12,"column":0},"end":{"line":12,"column":27}}},"fnMap":{"0":{"name":"(anonymous_0)","decl":{"start":{"line":2,"column":2},"end":{"line":2,"column":3}},"loc":{"start":{"line":2,"column":20},"end":{"line":5,"column":3}},"line":2},"1":{"name":"(anonymous_1)","decl":{"start":{"line":7,"column":2},"end":{"line":7,"column":3}},"loc":{"start":{"line":7,"column":29},"end":{"line":9,"column":3}},"line":7}},"branchMap":{},"s":{"0":2,"1":2,"2":3,"3":2},"f":{"0":2,"1":3},"b":{},"_coverageSchema":"1a1c01bbd47fc00a2c39e90264f33305004495a9","hash":"5fd94b4d1f40ccd0c950f6283aff5769130efe18"}
,"C:\\Users\\sabri\\Desktop\\Minhascoisas\\REPROGRAMA\\EspacoSereno\\espaco-sereno\\clinica\\espacoSereno.js": {"path":"C:\\Users\\sabri\\Desktop\\Minhascoisas\\REPROGRAMA\\EspacoSereno\\espaco-sereno\\clinica\\espacoSereno.js","statementMap":{"0":{"start":{"line":1,"column":18},"end":{"line":1,"column":51}},"1":{"start":{"line":2,"column":17},"end":{"line":2,"column":48}},"2":{"start":{"line":3,"column":24},"end":{"line":3,"column":69}},"3":{"start":{"line":4,"column":28},"end":{"line":4,"column":71}},"4":{"start":{"line":8,"column":4},"end":{"line":8,"column":25}},"5":{"start":{"line":9,"column":4},"end":{"line":9,"column":24}},"6":{"start":{"line":10,"column":4},"end":{"line":10,"column":24}},"7":{"start":{"line":11,"column":4},"end":{"line":11,"column":57}},"8":{"start":{"line":15,"column":26},"end":{"line":15,"column":45}},"9":{"start":{"line":16,"column":4},"end":{"line":16,"column":40}},"10":{"start":{"line":17,"column":4},"end":{"line":17,"column":25}},"11":{"start":{"line":21,"column":25},"end":{"line":21,"column":43}},"12":{"start":{"line":22,"column":4},"end":{"line":22,"column":38}},"13":{"start":{"line":23,"column":4},"end":{"line":23,"column":24}},"14":{"start":{"line":27,"column":4},"end":{"line":32,"column":5}},"15":{"start":{"line":28,"column":6},"end":{"line":28,"column":44}},"16":{"start":{"line":29,"column":6},"end":{"line":29,"column":43}},"17":{"start":{"line":31,"column":6},"end":{"line":31,"column":85}},"18":{"start":{"line":36,"column":4},"end":{"line":36,"column":55}},"19":{"start":{"line":40,"column":4},"end":{"line":44,"column":5}},"20":{"start":{"line":41,"column":6},"end":{"line":41,"column":81}},"21":{"start":{"line":43,"column":6},"end":{"line":43,"column":68}},"22":{"start":{"line":48,"column":4},"end":{"line":48,"column":74}},"23":{"start":{"line":52,"column":23},"end":{"line":52,"column":61}},"24":{"start":{"line":53,"column":24},"end":{"line":53,"column":143}},"25":{"start":{"line":57,"column":4},"end":{"line":57,"column":57}},"26":{"start":{"line":61,"column":4},"end":{"line":61,"column":61}},"27":{"start":{"line":69,"column":0},"end":{"line":69,"column":30}},"28":{"start":{"line":76,"column":85},"end":{"line":76,"column":37847}},"29":{"start":{"line":76,"column":89},"end":{"line":76,"column":37836}}},"fnMap":{"0":{"name":"(anonymous_0)","decl":{"start":{"line":7,"column":2},"end":{"line":7,"column":3}},"loc":{"start":{"line":7,"column":16},"end":{"line":12,"column":3}},"line":7},"1":{"name":"(anonymous_1)","decl":{"start":{"line":14,"column":2},"end":{"line":14,"column":3}},"loc":{"start":{"line":14,"column":27},"end":{"line":18,"column":3}},"line":14},"2":{"name":"(anonymous_2)","decl":{"start":{"line":20,"column":2},"end":{"line":20,"column":3}},"loc":{"start":{"line":20,"column":26},"end":{"line":24,"column":3}},"line":20},"3":{"name":"(anonymous_3)","decl":{"start":{"line":26,"column":2},"end":{"line":26,"column":3}},"loc":{"start":{"line":26,"column":52},"end":{"line":33,"column":3}},"line":26},"4":{"name":"(anonymous_4)","decl":{"start":{"line":35,"column":2},"end":{"line":35,"column":3}},"loc":{"start":{"line":35,"column":66},"end":{"line":37,"column":3}},"line":35},"5":{"name":"(anonymous_5)","decl":{"start":{"line":39,"column":2},"end":{"line":39,"column":3}},"loc":{"start":{"line":39,"column":44},"end":{"line":45,"column":3}},"line":39},"6":{"name":"(anonymous_6)","decl":{"start":{"line":51,"column":2},"end":{"line":51,"column":3}},"loc":{"start":{"line":51,"column":35},"end":{"line":55,"column":3}},"line":51},"7":{"name":"(anonymous_7)","decl":{"start":{"line":56,"column":1},"end":{"line":56,"column":2}},"loc":{"start":{"line":56,"column":29},"end":{"line":58,"column":3}},"line":56},"8":{"name":"(anonymous_8)","decl":{"start":{"line":60,"column":2},"end":{"line":60,"column":3}},"loc":{"start":{"line":60,"column":34},"end":{"line":62,"column":3}},"line":60},"9":{"name":"oo_cm","decl":{"start":{"line":76,"column":77},"end":{"line":76,"column":82}},"loc":{"start":{"line":76,"column":84},"end":{"line":76,"column":37848}},"line":76}},"branchMap":{"0":{"loc":{"start":{"line":27,"column":4},"end":{"line":32,"column":5}},"type":"if","locations":[{"start":{"line":27,"column":4},"end":{"line":32,"column":5}},{"start":{"line":30,"column":11},"end":{"line":32,"column":5}}],"line":27},"1":{"loc":{"start":{"line":40,"column":4},"end":{"line":44,"column":5}},"type":"if","locations":[{"start":{"line":40,"column":4},"end":{"line":44,"column":5}},{"start":{"line":42,"column":11},"end":{"line":44,"column":5}}],"line":40},"2":{"loc":{"start":{"line":48,"column":11},"end":{"line":48,"column":73}},"type":"binary-expr","locations":[{"start":{"line":48,"column":11},"end":{"line":48,"column":39}},{"start":{"line":48,"column":43},"end":{"line":48,"column":73}}],"line":48},"3":{"loc":{"start":{"line":76,"column":96},"end":{"line":76,"column":37835}},"type":"binary-expr","locations":[{"start":{"line":76,"column":96},"end":{"line":76,"column":133}},{"start":{"line":76,"column":137},"end":{"line":76,"column":37835}}],"line":76}},"s":{"0":1,"1":1,"2":1,"3":1,"4":1,"5":1,"6":1,"7":1,"8":1,"9":1,"10":1,"11":2,"12":2,"13":2,"14":2,"15":2,"16":2,"17":0,"18":1,"19":0,"20":0,"21":0,"22":2,"23":0,"24":0,"25":0,"26":0,"27":1,"28":0,"29":0},"f":{"0":1,"1":1,"2":2,"3":2,"4":1,"5":0,"6":0,"7":0,"8":0,"9":0},"b":{"0":[2,0],"1":[0,0],"2":[2,2],"3":[0,0]},"_coverageSchema":"1a1c01bbd47fc00a2c39e90264f33305004495a9","hash":"cb996b15f07d0bf551490bbd262f312572bb4617"}
}
