TN:
SF:espaco-sereno\AvaliacaoRiscos\AvaliacaoRiscos.js
FN:2,(anonymous_0)
FNF:1
FNH:1
FNDA:2,(anonymous_0)
DA:3,2
DA:6,2
DA:9,2
DA:10,1
DA:13,2
DA:15,1
DA:17,0
DA:19,1
DA:21,0
DA:23,0
DA:28,1
LF:11
LH:8
BRDA:9,0,0,1
BRDA:9,0,1,1
BRDA:9,1,0,2
BRDA:9,1,1,1
BRDA:13,2,0,1
BRDA:13,2,1,0
BRDA:13,2,2,1
BRDA:13,2,3,0
BRDA:13,2,4,0
BRF:9
BRH:6
end_of_record
TN:
SF:espaco-sereno\Lembretes\lembretes.js
FN:2,(anonymous_0)
FN:6,(anonymous_1)
FN:10,(anonymous_2)
FN:13,(anonymous_3)
FN:28,oo_cm
FNF:5
FNH:5
FNDA:1,(anonymous_0)
FNDA:1,(anonymous_1)
FNDA:1,(anonymous_2)
FNDA:1,(anonymous_3)
FNDA:1,oo_cm
DA:3,1
DA:7,1
DA:11,1
DA:13,1
DA:14,1
DA:15,1
DA:21,1
DA:28,1
LF:8
LH:8
BRDA:14,0,0,1
BRDA:14,0,1,0
BRDA:28,1,0,1
BRDA:28,1,1,1
BRF:4
BRH:3
end_of_record
TN:
SF:espaco-sereno\Paciente\paciente.js
FN:5,(anonymous_0)
FN:9,(anonymous_1)
FN:13,(anonymous_2)
FN:17,(anonymous_3)
FN:21,(anonymous_4)
FNF:5
FNH:5
FNDA:8,(anonymous_0)
FNDA:2,(anonymous_1)
FNDA:3,(anonymous_2)
FNDA:1,(anonymous_3)
FNDA:2,(anonymous_4)
DA:3,8
DA:6,8
DA:10,2
DA:14,3
DA:18,1
DA:22,2
DA:23,1
DA:25,1
DA:31,1
LF:9
LH:9
BRDA:5,0,0,8
BRDA:6,1,0,1
BRDA:6,1,1,7
BRDA:6,2,0,8
BRDA:6,2,1,8
BRDA:22,3,0,1
BRDA:22,3,1,1
BRF:7
BRH:7
end_of_record
TN:
SF:espaco-sereno\Progresso\acompanharProgresso.js
FN:2,(anonymous_0)
FN:6,(anonymous_1)
FN:11,(anonymous_2)
FN:21,(anonymous_3)
FN:34,oo_cm
FNF:5
FNH:5
FNDA:2,(anonymous_0)
FNDA:2,(anonymous_1)
FNDA:1,(anonymous_2)
FNDA:1,(anonymous_3)
FNDA:4,oo_cm
DA:3,2
DA:7,2
DA:8,2
DA:12,1
DA:13,1
DA:14,1
DA:15,1
DA:17,0
DA:22,1
DA:23,1
DA:27,1
DA:34,4
LF:12
LH:11
BRDA:13,0,0,1
BRDA:13,0,1,0
BRDA:34,1,0,4
BRDA:34,1,1,1
BRF:4
BRH:3
end_of_record
TN:
SF:espaco-sereno\Psicologo\psicologo.js
FN:2,(anonymous_0)
FN:7,(anonymous_1)
FNF:2
FNH:2
FNDA:1,(anonymous_0)
FNDA:1,(anonymous_1)
DA:3,1
DA:4,1
DA:8,1
DA:14,1
LF:4
LH:4
BRF:0
BRH:0
end_of_record
